<?xml version="1.0" encoding="UTF-8"?>
<testng-results ignored="0" total="30" passed="29" failed="1" skipped="0">
  <reporter-output>
  </reporter-output>
  <suite started-at="2025-08-16T15:17:56 EDT" name="Default suite" finished-at="2025-08-16T15:19:34 EDT" duration-ms="97710">
    <groups>
      <group name="cucumber">
        <method signature="AbstractTestNGCucumberTests.runScenario(io.cucumber.testng.PickleWrapper,io.cucumber.testng.FeatureWrapper)[pri:0, instance:org.example.runners.TestRunner@71e9ddb4]" name="runScenario" class="io.cucumber.testng.AbstractTestNGCucumberTests"/>
      </group> <!-- cucumber -->
    </groups>
    <test started-at="2025-08-16T15:17:56 EDT" name="Default test" finished-at="2025-08-16T15:19:34 EDT" duration-ms="97710">
      <class name="org.example.runners.TestRunner">
        <test-method is-config="true" signature="setUpClass(org.testng.ITestContext)[pri:0, instance:org.example.runners.TestRunner@71e9ddb4]" started-at="2025-08-16T15:17:56 EDT" name="setUpClass" finished-at="2025-08-16T15:17:56 EDT" duration-ms="405" status="PASS">
          <params>
            <param index="0">
              <value>
                <![CDATA[org.testng.TestRunner@4902c584]]>
              </value>
            </param>
          </params>
          <reporter-output>
          </reporter-output>
        </test-method> <!-- setUpClass -->
        <test-method signature="runScenario(io.cucumber.testng.PickleWrapper,io.cucumber.testng.FeatureWrapper)[pri:0, instance:org.example.runners.TestRunner@71e9ddb4]" started-at="2025-08-16T15:17:56 EDT" name="runScenario" description="Runs Cucumber Scenarios" data-provider="scenarios" finished-at="2025-08-16T15:17:59 EDT" duration-ms="3042" status="PASS">
          <params>
            <param index="0">
              <value>
                <![CDATA["Verify Home page Title"]]>
              </value>
            </param>
            <param index="1">
              <value>
                <![CDATA["Homepage test"]]>
              </value>
            </param>
          </params>
          <reporter-output>
          </reporter-output>
        </test-method> <!-- runScenario -->
        <test-method signature="runScenario(io.cucumber.testng.PickleWrapper,io.cucumber.testng.FeatureWrapper)[pri:0, instance:org.example.runners.TestRunner@71e9ddb4]" started-at="2025-08-16T15:17:59 EDT" name="runScenario" description="Runs Cucumber Scenarios" data-provider="scenarios" finished-at="2025-08-16T15:18:02 EDT" duration-ms="2447" status="PASS">
          <params>
            <param index="0">
              <value>
                <![CDATA["Verify the Register element is displayed in Register page"]]>
              </value>
            </param>
            <param index="1">
              <value>
                <![CDATA["Homepage test"]]>
              </value>
            </param>
          </params>
          <reporter-output>
          </reporter-output>
        </test-method> <!-- runScenario -->
        <test-method signature="runScenario(io.cucumber.testng.PickleWrapper,io.cucumber.testng.FeatureWrapper)[pri:0, instance:org.example.runners.TestRunner@71e9ddb4]" started-at="2025-08-16T15:18:02 EDT" name="runScenario" description="Runs Cucumber Scenarios" data-provider="scenarios" finished-at="2025-08-16T15:18:04 EDT" duration-ms="2373" status="PASS">
          <params>
            <param index="0">
              <value>
                <![CDATA["Verify Sign in element is displayed in Sign in page"]]>
              </value>
            </param>
            <param index="1">
              <value>
                <![CDATA["Homepage test"]]>
              </value>
            </param>
          </params>
          <reporter-output>
          </reporter-output>
        </test-method> <!-- runScenario -->
        <test-method signature="runScenario(io.cucumber.testng.PickleWrapper,io.cucumber.testng.FeatureWrapper)[pri:0, instance:org.example.runners.TestRunner@71e9ddb4]" started-at="2025-08-16T15:18:04 EDT" name="runScenario" description="Runs Cucumber Scenarios" data-provider="scenarios" finished-at="2025-08-16T15:18:07 EDT" duration-ms="2581" status="PASS">
          <params>
            <param index="0">
              <value>
                <![CDATA["User is on Home page and click getstarted link "Datastructures" on home page without sign in"]]>
              </value>
            </param>
            <param index="1">
              <value>
                <![CDATA["Homepage test"]]>
              </value>
            </param>
          </params>
          <reporter-output>
          </reporter-output>
        </test-method> <!-- runScenario -->
        <test-method signature="runScenario(io.cucumber.testng.PickleWrapper,io.cucumber.testng.FeatureWrapper)[pri:0, instance:org.example.runners.TestRunner@71e9ddb4]" started-at="2025-08-16T15:18:07 EDT" name="runScenario" description="Runs Cucumber Scenarios" data-provider="scenarios" finished-at="2025-08-16T15:18:09 EDT" duration-ms="2394" status="PASS">
          <params>
            <param index="0">
              <value>
                <![CDATA["User is on Home page and click getstarted link "Array" on home page without sign in"]]>
              </value>
            </param>
            <param index="1">
              <value>
                <![CDATA["Homepage test"]]>
              </value>
            </param>
          </params>
          <reporter-output>
          </reporter-output>
        </test-method> <!-- runScenario -->
        <test-method signature="runScenario(io.cucumber.testng.PickleWrapper,io.cucumber.testng.FeatureWrapper)[pri:0, instance:org.example.runners.TestRunner@71e9ddb4]" started-at="2025-08-16T15:18:09 EDT" name="runScenario" description="Runs Cucumber Scenarios" data-provider="scenarios" finished-at="2025-08-16T15:18:22 EDT" duration-ms="12722" status="FAIL">
          <params>
            <param index="0">
              <value>
                <![CDATA["User is on Home page and click getstarted link "Linkedlist" on home page without sign in"]]>
              </value>
            </param>
            <param index="1">
              <value>
                <![CDATA["Homepage test"]]>
              </value>
            </param>
          </params>
          <exception class="org.openqa.selenium.TimeoutException">
            <message>
              <![CDATA[Expected condition failed: waiting for element to be clickable: By.xpath: /html/body/div[3]/div[3]/div/div/a (tried for 10 second(s) with 500 milliseconds interval)
Build info: version: '4.34.0', revision: '707dcb4246*'
System info: os.name: 'Windows 11', os.arch: 'amd64', os.version: '10.0', java.version: '21.0.7'
Driver info: org.openqa.selenium.chrome.ChromeDriver
Capabilities {acceptInsecureCerts: false, browserName: chrome, browserVersion: 139.0.7258.128, chrome: {chromedriverVersion: 139.0.7258.68 (40ff94600b6e..., userDataDir: C:\Users\narmu\AppData\Loca...}, fedcm:accounts: true, goog:chromeOptions: {debuggerAddress: localhost:54549}, networkConnectionEnabled: false, pageLoadStrategy: normal, platformName: windows, proxy: Proxy(), se:cdp: ws://localhost:54549/devtoo..., se:cdpVersion: 139.0.7258.128, setWindowRect: true, strictFileInteractability: false, timeouts: {implicit: 0, pageLoad: 300000, script: 30000}, unhandledPromptBehavior: dismiss and notify, webauthn:extension:credBlob: true, webauthn:extension:largeBlob: true, webauthn:extension:minPinLength: true, webauthn:extension:prf: true, webauthn:virtualAuthenticators: true}
Session ID: 1909537ef510c67826e7dcd4dc171716]]>
            </message>
            <full-stacktrace>
              <![CDATA[org.openqa.selenium.TimeoutException: Expected condition failed: waiting for element to be clickable: By.xpath: /html/body/div[3]/div[3]/div/div/a (tried for 10 second(s) with 500 milliseconds interval)
Build info: version: '4.34.0', revision: '707dcb4246*'
System info: os.name: 'Windows 11', os.arch: 'amd64', os.version: '10.0', java.version: '21.0.7'
Driver info: org.openqa.selenium.chrome.ChromeDriver
Capabilities {acceptInsecureCerts: false, browserName: chrome, browserVersion: 139.0.7258.128, chrome: {chromedriverVersion: 139.0.7258.68 (40ff94600b6e..., userDataDir: C:\Users\narmu\AppData\Loca...}, fedcm:accounts: true, goog:chromeOptions: {debuggerAddress: localhost:54549}, networkConnectionEnabled: false, pageLoadStrategy: normal, platformName: windows, proxy: Proxy(), se:cdp: ws://localhost:54549/devtoo..., se:cdpVersion: 139.0.7258.128, setWindowRect: true, strictFileInteractability: false, timeouts: {implicit: 0, pageLoad: 300000, script: 30000}, unhandledPromptBehavior: dismiss and notify, webauthn:extension:credBlob: true, webauthn:extension:largeBlob: true, webauthn:extension:minPinLength: true, webauthn:extension:prf: true, webauthn:virtualAuthenticators: true}
Session ID: 1909537ef510c67826e7dcd4dc171716
at org.openqa.selenium.support.ui.WebDriverWait.timeoutException(WebDriverWait.java:84)
at org.openqa.selenium.support.ui.FluentWait.until(FluentWait.java:228)
at org.example.utilities.ElementsUtil.waitForElementToBeClickable(ElementsUtil.java:26)
at org.example.utilities.ElementsUtil.doClick(ElementsUtil.java:32)
at org.example.pages.Home.clickLinkedListGet(Home.java:92)
at org.example.stepdefinitions.HomeSteps.the_user_clicks_on_get_started_link_on_homepage_without_login(HomeSteps.java:62)
at ✽.The user clicks on Get Started link on homepage "Linkedlist" without login(file:///C:/Users/narmu/git/DSAlgo/src/test/resources/features/Home.feature:29)
]]>
            </full-stacktrace>
          </exception> <!-- org.openqa.selenium.TimeoutException -->
          <reporter-output>
          </reporter-output>
        </test-method> <!-- runScenario -->
        <test-method signature="runScenario(io.cucumber.testng.PickleWrapper,io.cucumber.testng.FeatureWrapper)[pri:0, instance:org.example.runners.TestRunner@71e9ddb4]" started-at="2025-08-16T15:18:22 EDT" name="runScenario" description="Runs Cucumber Scenarios" data-provider="scenarios" finished-at="2025-08-16T15:18:24 EDT" duration-ms="2410" status="PASS">
          <params>
            <param index="0">
              <value>
                <![CDATA["User is on Home page and click getstarted link "Stack" on home page without sign in"]]>
              </value>
            </param>
            <param index="1">
              <value>
                <![CDATA["Homepage test"]]>
              </value>
            </param>
          </params>
          <reporter-output>
          </reporter-output>
        </test-method> <!-- runScenario -->
        <test-method signature="runScenario(io.cucumber.testng.PickleWrapper,io.cucumber.testng.FeatureWrapper)[pri:0, instance:org.example.runners.TestRunner@71e9ddb4]" started-at="2025-08-16T15:18:24 EDT" name="runScenario" description="Runs Cucumber Scenarios" data-provider="scenarios" finished-at="2025-08-16T15:18:27 EDT" duration-ms="2402" status="PASS">
          <params>
            <param index="0">
              <value>
                <![CDATA["User is on Home page and click getstarted link "Queue" on home page without sign in"]]>
              </value>
            </param>
            <param index="1">
              <value>
                <![CDATA["Homepage test"]]>
              </value>
            </param>
          </params>
          <reporter-output>
          </reporter-output>
        </test-method> <!-- runScenario -->
        <test-method signature="runScenario(io.cucumber.testng.PickleWrapper,io.cucumber.testng.FeatureWrapper)[pri:0, instance:org.example.runners.TestRunner@71e9ddb4]" started-at="2025-08-16T15:18:27 EDT" name="runScenario" description="Runs Cucumber Scenarios" data-provider="scenarios" finished-at="2025-08-16T15:18:29 EDT" duration-ms="2308" status="PASS">
          <params>
            <param index="0">
              <value>
                <![CDATA["User is on Home page and click getstarted link "Tree" on home page without sign in"]]>
              </value>
            </param>
            <param index="1">
              <value>
                <![CDATA["Homepage test"]]>
              </value>
            </param>
          </params>
          <reporter-output>
          </reporter-output>
        </test-method> <!-- runScenario -->
        <test-method signature="runScenario(io.cucumber.testng.PickleWrapper,io.cucumber.testng.FeatureWrapper)[pri:0, instance:org.example.runners.TestRunner@71e9ddb4]" started-at="2025-08-16T15:18:29 EDT" name="runScenario" description="Runs Cucumber Scenarios" data-provider="scenarios" finished-at="2025-08-16T15:18:32 EDT" duration-ms="2370" status="PASS">
          <params>
            <param index="0">
              <value>
                <![CDATA["User is on Home page and click getstarted link "Graph" on home page without sign in"]]>
              </value>
            </param>
            <param index="1">
              <value>
                <![CDATA["Homepage test"]]>
              </value>
            </param>
          </params>
          <reporter-output>
          </reporter-output>
        </test-method> <!-- runScenario -->
        <test-method signature="runScenario(io.cucumber.testng.PickleWrapper,io.cucumber.testng.FeatureWrapper)[pri:0, instance:org.example.runners.TestRunner@71e9ddb4]" started-at="2025-08-16T15:18:32 EDT" name="runScenario" description="Runs Cucumber Scenarios" data-provider="scenarios" finished-at="2025-08-16T15:18:34 EDT" duration-ms="2457" status="PASS">
          <params>
            <param index="0">
              <value>
                <![CDATA["Verify the user is able to click on "Array" from dropdown on home page without Sign in"]]>
              </value>
            </param>
            <param index="1">
              <value>
                <![CDATA["Homepage test"]]>
              </value>
            </param>
          </params>
          <reporter-output>
          </reporter-output>
        </test-method> <!-- runScenario -->
        <test-method signature="runScenario(io.cucumber.testng.PickleWrapper,io.cucumber.testng.FeatureWrapper)[pri:0, instance:org.example.runners.TestRunner@71e9ddb4]" started-at="2025-08-16T15:18:34 EDT" name="runScenario" description="Runs Cucumber Scenarios" data-provider="scenarios" finished-at="2025-08-16T15:18:36 EDT" duration-ms="2451" status="PASS">
          <params>
            <param index="0">
              <value>
                <![CDATA["Verify the user is able to click on "Linkedlist" from dropdown on home page without Sign in"]]>
              </value>
            </param>
            <param index="1">
              <value>
                <![CDATA["Homepage test"]]>
              </value>
            </param>
          </params>
          <reporter-output>
          </reporter-output>
        </test-method> <!-- runScenario -->
        <test-method signature="runScenario(io.cucumber.testng.PickleWrapper,io.cucumber.testng.FeatureWrapper)[pri:0, instance:org.example.runners.TestRunner@71e9ddb4]" started-at="2025-08-16T15:18:36 EDT" name="runScenario" description="Runs Cucumber Scenarios" data-provider="scenarios" finished-at="2025-08-16T15:18:39 EDT" duration-ms="2392" status="PASS">
          <params>
            <param index="0">
              <value>
                <![CDATA["Verify the user is able to click on "Stack" from dropdown on home page without Sign in"]]>
              </value>
            </param>
            <param index="1">
              <value>
                <![CDATA["Homepage test"]]>
              </value>
            </param>
          </params>
          <reporter-output>
          </reporter-output>
        </test-method> <!-- runScenario -->
        <test-method signature="runScenario(io.cucumber.testng.PickleWrapper,io.cucumber.testng.FeatureWrapper)[pri:0, instance:org.example.runners.TestRunner@71e9ddb4]" started-at="2025-08-16T15:18:39 EDT" name="runScenario" description="Runs Cucumber Scenarios" data-provider="scenarios" finished-at="2025-08-16T15:18:41 EDT" duration-ms="2422" status="PASS">
          <params>
            <param index="0">
              <value>
                <![CDATA["Verify the user is able to click on "Queue" from dropdown on home page without Sign in"]]>
              </value>
            </param>
            <param index="1">
              <value>
                <![CDATA["Homepage test"]]>
              </value>
            </param>
          </params>
          <reporter-output>
          </reporter-output>
        </test-method> <!-- runScenario -->
        <test-method signature="runScenario(io.cucumber.testng.PickleWrapper,io.cucumber.testng.FeatureWrapper)[pri:0, instance:org.example.runners.TestRunner@71e9ddb4]" started-at="2025-08-16T15:18:41 EDT" name="runScenario" description="Runs Cucumber Scenarios" data-provider="scenarios" finished-at="2025-08-16T15:18:44 EDT" duration-ms="2437" status="PASS">
          <params>
            <param index="0">
              <value>
                <![CDATA["Verify the user is able to click on "Tree" from dropdown on home page without Sign in"]]>
              </value>
            </param>
            <param index="1">
              <value>
                <![CDATA["Homepage test"]]>
              </value>
            </param>
          </params>
          <reporter-output>
          </reporter-output>
        </test-method> <!-- runScenario -->
        <test-method signature="runScenario(io.cucumber.testng.PickleWrapper,io.cucumber.testng.FeatureWrapper)[pri:0, instance:org.example.runners.TestRunner@71e9ddb4]" started-at="2025-08-16T15:18:44 EDT" name="runScenario" description="Runs Cucumber Scenarios" data-provider="scenarios" finished-at="2025-08-16T15:18:46 EDT" duration-ms="2438" status="PASS">
          <params>
            <param index="0">
              <value>
                <![CDATA["Verify the user is able to click on "Graph" from dropdown on home page without Sign in"]]>
              </value>
            </param>
            <param index="1">
              <value>
                <![CDATA["Homepage test"]]>
              </value>
            </param>
          </params>
          <reporter-output>
          </reporter-output>
        </test-method> <!-- runScenario -->
        <test-method signature="runScenario(io.cucumber.testng.PickleWrapper,io.cucumber.testng.FeatureWrapper)[pri:0, instance:org.example.runners.TestRunner@71e9ddb4]" started-at="2025-08-16T15:18:46 EDT" name="runScenario" description="Runs Cucumber Scenarios" data-provider="scenarios" finished-at="2025-08-16T15:18:49 EDT" duration-ms="3150" status="PASS">
          <params>
            <param index="0">
              <value>
                <![CDATA[": Verify "Datastructures" page after sign in"]]>
              </value>
            </param>
            <param index="1">
              <value>
                <![CDATA["Homepage test"]]>
              </value>
            </param>
          </params>
          <reporter-output>
          </reporter-output>
        </test-method> <!-- runScenario -->
        <test-method signature="runScenario(io.cucumber.testng.PickleWrapper,io.cucumber.testng.FeatureWrapper)[pri:0, instance:org.example.runners.TestRunner@71e9ddb4]" started-at="2025-08-16T15:18:49 EDT" name="runScenario" description="Runs Cucumber Scenarios" data-provider="scenarios" finished-at="2025-08-16T15:18:52 EDT" duration-ms="3122" status="PASS">
          <params>
            <param index="0">
              <value>
                <![CDATA[": Verify "Array" page after sign in"]]>
              </value>
            </param>
            <param index="1">
              <value>
                <![CDATA["Homepage test"]]>
              </value>
            </param>
          </params>
          <reporter-output>
          </reporter-output>
        </test-method> <!-- runScenario -->
        <test-method signature="runScenario(io.cucumber.testng.PickleWrapper,io.cucumber.testng.FeatureWrapper)[pri:0, instance:org.example.runners.TestRunner@71e9ddb4]" started-at="2025-08-16T15:18:52 EDT" name="runScenario" description="Runs Cucumber Scenarios" data-provider="scenarios" finished-at="2025-08-16T15:18:56 EDT" duration-ms="3117" status="PASS">
          <params>
            <param index="0">
              <value>
                <![CDATA[": Verify "Linkedlist" page after sign in"]]>
              </value>
            </param>
            <param index="1">
              <value>
                <![CDATA["Homepage test"]]>
              </value>
            </param>
          </params>
          <reporter-output>
          </reporter-output>
        </test-method> <!-- runScenario -->
        <test-method signature="runScenario(io.cucumber.testng.PickleWrapper,io.cucumber.testng.FeatureWrapper)[pri:0, instance:org.example.runners.TestRunner@71e9ddb4]" started-at="2025-08-16T15:18:56 EDT" name="runScenario" description="Runs Cucumber Scenarios" data-provider="scenarios" finished-at="2025-08-16T15:18:59 EDT" duration-ms="3157" status="PASS">
          <params>
            <param index="0">
              <value>
                <![CDATA[": Verify "Stack" page after sign in"]]>
              </value>
            </param>
            <param index="1">
              <value>
                <![CDATA["Homepage test"]]>
              </value>
            </param>
          </params>
          <reporter-output>
          </reporter-output>
        </test-method> <!-- runScenario -->
        <test-method signature="runScenario(io.cucumber.testng.PickleWrapper,io.cucumber.testng.FeatureWrapper)[pri:0, instance:org.example.runners.TestRunner@71e9ddb4]" started-at="2025-08-16T15:18:59 EDT" name="runScenario" description="Runs Cucumber Scenarios" data-provider="scenarios" finished-at="2025-08-16T15:19:02 EDT" duration-ms="3102" status="PASS">
          <params>
            <param index="0">
              <value>
                <![CDATA[": Verify "Queue" page after sign in"]]>
              </value>
            </param>
            <param index="1">
              <value>
                <![CDATA["Homepage test"]]>
              </value>
            </param>
          </params>
          <reporter-output>
          </reporter-output>
        </test-method> <!-- runScenario -->
        <test-method signature="runScenario(io.cucumber.testng.PickleWrapper,io.cucumber.testng.FeatureWrapper)[pri:0, instance:org.example.runners.TestRunner@71e9ddb4]" started-at="2025-08-16T15:19:02 EDT" name="runScenario" description="Runs Cucumber Scenarios" data-provider="scenarios" finished-at="2025-08-16T15:19:05 EDT" duration-ms="3616" status="PASS">
          <params>
            <param index="0">
              <value>
                <![CDATA[": Verify "Tree" page after sign in"]]>
              </value>
            </param>
            <param index="1">
              <value>
                <![CDATA["Homepage test"]]>
              </value>
            </param>
          </params>
          <reporter-output>
          </reporter-output>
        </test-method> <!-- runScenario -->
        <test-method signature="runScenario(io.cucumber.testng.PickleWrapper,io.cucumber.testng.FeatureWrapper)[pri:0, instance:org.example.runners.TestRunner@71e9ddb4]" started-at="2025-08-16T15:19:05 EDT" name="runScenario" description="Runs Cucumber Scenarios" data-provider="scenarios" finished-at="2025-08-16T15:19:08 EDT" duration-ms="3091" status="PASS">
          <params>
            <param index="0">
              <value>
                <![CDATA[": Verify "Graph" page after sign in"]]>
              </value>
            </param>
            <param index="1">
              <value>
                <![CDATA["Homepage test"]]>
              </value>
            </param>
          </params>
          <reporter-output>
          </reporter-output>
        </test-method> <!-- runScenario -->
        <test-method signature="runScenario(io.cucumber.testng.PickleWrapper,io.cucumber.testng.FeatureWrapper)[pri:0, instance:org.example.runners.TestRunner@71e9ddb4]" started-at="2025-08-16T15:19:08 EDT" name="runScenario" description="Runs Cucumber Scenarios" data-provider="scenarios" finished-at="2025-08-16T15:19:12 EDT" duration-ms="3619" status="PASS">
          <params>
            <param index="0">
              <value>
                <![CDATA["Verify the user is able to click on "Array" from dropdown on home page after Sign in"]]>
              </value>
            </param>
            <param index="1">
              <value>
                <![CDATA["Homepage test"]]>
              </value>
            </param>
          </params>
          <reporter-output>
          </reporter-output>
        </test-method> <!-- runScenario -->
        <test-method signature="runScenario(io.cucumber.testng.PickleWrapper,io.cucumber.testng.FeatureWrapper)[pri:0, instance:org.example.runners.TestRunner@71e9ddb4]" started-at="2025-08-16T15:19:12 EDT" name="runScenario" description="Runs Cucumber Scenarios" data-provider="scenarios" finished-at="2025-08-16T15:19:16 EDT" duration-ms="3567" status="PASS">
          <params>
            <param index="0">
              <value>
                <![CDATA["Verify the user is able to click on "Linkedlist" from dropdown on home page after Sign in"]]>
              </value>
            </param>
            <param index="1">
              <value>
                <![CDATA["Homepage test"]]>
              </value>
            </param>
          </params>
          <reporter-output>
          </reporter-output>
        </test-method> <!-- runScenario -->
        <test-method signature="runScenario(io.cucumber.testng.PickleWrapper,io.cucumber.testng.FeatureWrapper)[pri:0, instance:org.example.runners.TestRunner@71e9ddb4]" started-at="2025-08-16T15:19:16 EDT" name="runScenario" description="Runs Cucumber Scenarios" data-provider="scenarios" finished-at="2025-08-16T15:19:19 EDT" duration-ms="3547" status="PASS">
          <params>
            <param index="0">
              <value>
                <![CDATA["Verify the user is able to click on "Stack" from dropdown on home page after Sign in"]]>
              </value>
            </param>
            <param index="1">
              <value>
                <![CDATA["Homepage test"]]>
              </value>
            </param>
          </params>
          <reporter-output>
          </reporter-output>
        </test-method> <!-- runScenario -->
        <test-method signature="runScenario(io.cucumber.testng.PickleWrapper,io.cucumber.testng.FeatureWrapper)[pri:0, instance:org.example.runners.TestRunner@71e9ddb4]" started-at="2025-08-16T15:19:19 EDT" name="runScenario" description="Runs Cucumber Scenarios" data-provider="scenarios" finished-at="2025-08-16T15:19:23 EDT" duration-ms="3622" status="PASS">
          <params>
            <param index="0">
              <value>
                <![CDATA["Verify the user is able to click on "Queue" from dropdown on home page after Sign in"]]>
              </value>
            </param>
            <param index="1">
              <value>
                <![CDATA["Homepage test"]]>
              </value>
            </param>
          </params>
          <reporter-output>
          </reporter-output>
        </test-method> <!-- runScenario -->
        <test-method signature="runScenario(io.cucumber.testng.PickleWrapper,io.cucumber.testng.FeatureWrapper)[pri:0, instance:org.example.runners.TestRunner@71e9ddb4]" started-at="2025-08-16T15:19:23 EDT" name="runScenario" description="Runs Cucumber Scenarios" data-provider="scenarios" finished-at="2025-08-16T15:19:26 EDT" duration-ms="3617" status="PASS">
          <params>
            <param index="0">
              <value>
                <![CDATA["Verify the user is able to click on "Tree" from dropdown on home page after Sign in"]]>
              </value>
            </param>
            <param index="1">
              <value>
                <![CDATA["Homepage test"]]>
              </value>
            </param>
          </params>
          <reporter-output>
          </reporter-output>
        </test-method> <!-- runScenario -->
        <test-method signature="runScenario(io.cucumber.testng.PickleWrapper,io.cucumber.testng.FeatureWrapper)[pri:0, instance:org.example.runners.TestRunner@71e9ddb4]" started-at="2025-08-16T15:19:26 EDT" name="runScenario" description="Runs Cucumber Scenarios" data-provider="scenarios" finished-at="2025-08-16T15:19:30 EDT" duration-ms="3592" status="PASS">
          <params>
            <param index="0">
              <value>
                <![CDATA["Verify the user is able to click on "Graph" from dropdown on home page after Sign in"]]>
              </value>
            </param>
            <param index="1">
              <value>
                <![CDATA["Homepage test"]]>
              </value>
            </param>
          </params>
          <reporter-output>
          </reporter-output>
        </test-method> <!-- runScenario -->
        <test-method signature="runScenario(io.cucumber.testng.PickleWrapper,io.cucumber.testng.FeatureWrapper)[pri:0, instance:org.example.runners.TestRunner@71e9ddb4]" started-at="2025-08-16T15:19:30 EDT" name="runScenario" description="Runs Cucumber Scenarios" data-provider="scenarios" finished-at="2025-08-16T15:19:34 EDT" duration-ms="3638" status="PASS">
          <params>
            <param index="0">
              <value>
                <![CDATA["Verify Successfull SignOut message"]]>
              </value>
            </param>
            <param index="1">
              <value>
                <![CDATA["Homepage test"]]>
              </value>
            </param>
          </params>
          <reporter-output>
          </reporter-output>
        </test-method> <!-- runScenario -->
        <test-method is-config="true" signature="tearDownClass()[pri:0, instance:org.example.runners.TestRunner@71e9ddb4]" started-at="2025-08-16T15:19:34 EDT" name="tearDownClass" finished-at="2025-08-16T15:19:34 EDT" duration-ms="14" status="PASS">
          <reporter-output>
          </reporter-output>
        </test-method> <!-- tearDownClass -->
      </class> <!-- org.example.runners.TestRunner -->
    </test> <!-- Default test -->
  </suite> <!-- Default suite -->
</testng-results>
